Цей бот був написаний tg: https://t.me/Esekyil 

2023/10/13 21:33:21 Text message: Gay | Nickname: eseky | ID: 733375879480082526 | messageID: 1162458081553305683 | ChannelID: 1161308677932851220
2023/10/13 21:33:32 Text message:  | Nickname: Gachi | ID: 1160175895475138611 | messageID: 1162458126965035118 | ChannelID: 1161397001817169980
2023/10/13 21:33:47 Text message:  | Nickname: Gachi | ID: 1160175895475138611 | messageID: 1162458189963477073 | ChannelID: 1161397001817169980
2023/10/13 21:35:16 Text message:  | Nickname: Gachi | ID: 1160175895475138611 | messageID: 1162458565013930135 | ChannelID: 1161397893622661240
2023/10/13 21:35:18 Text message:  | Nickname: Gachi | ID: 1160175895475138611 | messageID: 1162458573700341823 | ChannelID: 1161397893622661240
2023/10/13 21:35:21 Text message:  | Nickname: Gachi | ID: 1160175895475138611 | messageID: 1162458585150783559 | ChannelID: 1161397893622661240
Цей бот був написаний tg: https://t.me/Esekyil 

Цей бот був написаний tg: https://t.me/Esekyil 

2023/10/13 21:56:10 Text message:  | Nickname: Gachi | ID: 1160175895475138611 | messageID: 1162463825107365999 | ChannelID: 1161335313239646239
Цей бот був написаний tg: https://t.me/Esekyil 

Цей бот був написаний tg: https://t.me/Esekyil 

2023/10/13 21:59:39 Text message:  | Nickname: Gachi | ID: 1160175895475138611 | messageID: 1162464700387307671 | ChannelID: 1161335313239646239
Цей бот був написаний tg: https://t.me/Esekyil 

2023/10/13 22:01:38 Text message: Gay | Nickname: angelochek420 | ID: 633008446446501944 | messageID: 1162465200587411519 | ChannelID: 1161308677932851220
2023/10/13 22:01:54 Text message: Pidor | Nickname: angelochek420 | ID: 633008446446501944 | messageID: 1162465263850094716 | ChannelID: 1161308677932851220
2023/10/13 22:02:37 Text message: Єбааа | Nickname: eseky | ID: 733375879480082526 | messageID: 1162465447069896825 | ChannelID: 1142514435836084226
2023/10/13 22:02:43 Text message: Нарешті воно паше! | Nickname: eseky | ID: 733375879480082526 | messageID: 1162465472797749258 | ChannelID: 1142514435836084226
2023/10/13 22:04:27 Text message: <@468027210633183242> Шо ти геюга | Nickname: eseky | ID: 733375879480082526 | messageID: 1162465906610413598 | ChannelID: 1142514435836084226
Цей бот був написаний tg: https://t.me/Esekyil 

2023/10/13 22:07:44 Text message: DUA | Nickname: eseky | ID: 733375879480082526 | messageID: 1162466736734478416 | ChannelID: 1142514435836084226
2023/10/13 22:07:54 Text message: Yes | Nickname: eseky | ID: 733375879480082526 | messageID: 1162466778270675055 | ChannelID: 1142514435836084226
Цей бот був написаний tg: https://t.me/Esekyil 

2023/10/13 22:08:31 Text message: Aga | Nickname: eseky | ID: 733375879480082526 | messageID: 1162466932956610591 | ChannelID: 1142514435836084226
Цей бот був написаний tg: https://t.me/Esekyil 

