2023/11/24 18:33:20 Привіт, цей бот був написаний ручками 𝕙𝕥𝕥𝕡𝕤://𝕥.𝕞𝕖/𝔼𝕤𝕖𝕜𝕪𝕚𝕝 ♥
2023/11/24 18:58:32 Text message: Падла де сейв | Nickname: eseky | ID: 733375879480082526 | messageID: 1177654499054194792 | ChannelID: 1142514435836084226
2023/11/24 18:58:41 Text message: 333 | Nickname: eseky | ID: 733375879480082526 | messageID: 1177654538740695151 | ChannelID: 1142514435836084226
2023/11/24 18:59:09 Text message: 22 | Nickname: eseky | ID: 733375879480082526 | messageID: 1177654657976373379 | ChannelID: 1142514435836084226
2023/11/24 18:59:13 Text message: dsa | Nickname: eseky | ID: 733375879480082526 | messageID: 1177654674460004454 | ChannelID: 1142514435836084226
2023/11/24 18:59:15 Text message: ss | Nickname: eseky | ID: 733375879480082526 | messageID: 1177654679786770503 | ChannelID: 1142514435836084226
2023/11/24 18:59:59 Text message: 33 | Nickname: eseky | ID: 733375879480082526 | messageID: 1177654867209244812 | ChannelID: 1142514435836084226
2023/11/24 19:00:01 Text message: 33 | Nickname: eseky | ID: 733375879480082526 | messageID: 1177654875035799634 | ChannelID: 1142514435836084226
2023/11/24 19:00:02 Text message: 33 | Nickname: eseky | ID: 733375879480082526 | messageID: 1177654878173135000 | ChannelID: 1142514435836084226
2023/11/24 19:00:03 Text message: 333 | Nickname: eseky | ID: 733375879480082526 | messageID: 1177654882698789004 | ChannelID: 1142514435836084226
2023/11/24 19:00:04 Text message: sad | Nickname: eseky | ID: 733375879480082526 | messageID: 1177654887908126720 | ChannelID: 1142514435836084226
2023/11/24 19:00:37 Text message: sad | Nickname: eseky | ID: 733375879480082526 | messageID: 1177655024176869487 | ChannelID: 1142514435836084226
2023/11/24 19:00:38 Text message: 32 | Nickname: eseky | ID: 733375879480082526 | messageID: 1177655030355071016 | ChannelID: 1142514435836084226
2023/11/24 19:00:39 Text message: 4 | Nickname: eseky | ID: 733375879480082526 | messageID: 1177655035107221536 | ChannelID: 1142514435836084226
2023/11/24 19:02:51 Text message: sad | Nickname: eseky | ID: 733375879480082526 | messageID: 1177655588235247706 | ChannelID: 1142514435836084226
2023/11/24 19:03:17 Text message: Aloo | Nickname: eseky | ID: 733375879480082526 | messageID: 1177655694170804347 | ChannelID: 1142514435836084226
2023/11/24 19:03:25 Text message: Alo | Nickname: eseky | ID: 733375879480082526 | messageID: 1177655728958353532 | ChannelID: 1142514435836084226
2023/11/24 19:03:47 Text message: Alo | Nickname: eseky | ID: 733375879480082526 | messageID: 1177655821623119942 | ChannelID: 1142514435836084226
2023/11/24 19:04:01 Text message: Lox | Nickname: eseky | ID: 733375879480082526 | messageID: 1177655880662143036 | ChannelID: 1142514435836084226
2023/11/24 19:09:28 Text message: Lox | Nickname: eseky | ID: 733375879480082526 | messageID: 1177657251658473603 | ChannelID: 1142514435836084226
2023/11/24 19:09:38 Text message: Lo | Nickname: eseky | ID: 733375879480082526 | messageID: 1177657296050995300 | ChannelID: 1142514435836084226
2023/11/24 19:11:09 Text message: Lo | Nickname: eseky | ID: 733375879480082526 | messageID: 1177657677837504613 | ChannelID: 1142514435836084226
2023/11/24 19:11:13 Text message: lo | Nickname: eseky | ID: 733375879480082526 | messageID: 1177657692840542238 | ChannelID: 1142514435836084226
2023/11/24 19:11:50 Text message: lo | Nickname: eseky | ID: 733375879480082526 | messageID: 1177657849153855549 | ChannelID: 1142514435836084226
2023/11/24 19:11:53 Text message: lo | Nickname: eseky | ID: 733375879480082526 | messageID: 1177657859492819075 | ChannelID: 1142514435836084226
2023/11/24 19:11:55 Text message: lox | Nickname: eseky | ID: 733375879480082526 | messageID: 1177657867734618153 | ChannelID: 1142514435836084226
2023/11/24 19:12:00 Text message: 4le | Nickname: eseky | ID: 733375879480082526 | messageID: 1177657888894894080 | ChannelID: 1142514435836084226
2023/11/24 19:12:04 Text message: churka | Nickname: eseky | ID: 733375879480082526 | messageID: 1177657905932156938 | ChannelID: 1142514435836084226
2023/11/24 19:12:16 Text message: Dungeouns Master | Nickname: eseky | ID: 733375879480082526 | messageID: 1177657958352564254 | ChannelID: 1142514435836084226
2023/11/24 19:12:31 Text message: Dungeouns Master Vladislave | Nickname: eseky | ID: 733375879480082526 | messageID: 1177658018180108373 | ChannelID: 1142514435836084226
2023/11/24 19:13:21 Text message: churka | Nickname: eseky | ID: 733375879480082526 | messageID: 1177658229069729792 | ChannelID: 1142514435836084226
2023/11/24 19:13:56 Text message: churka | Nickname: eseky | ID: 733375879480082526 | messageID: 1177658376113623050 | ChannelID: 1142514435836084226
2023/11/24 19:14:20 Text message: Churka | Nickname: eseky | ID: 733375879480082526 | messageID: 1177658476957282456 | ChannelID: 1142514435836084226
2023/11/24 19:14:24 Text message: AEZA | Nickname: eseky | ID: 733375879480082526 | messageID: 1177658492702703676 | ChannelID: 1142514435836084226
2023/11/24 19:14:30 Text message: Dungeouns Master Vladislave | Nickname: eseky | ID: 733375879480082526 | messageID: 1177658519932129361 | ChannelID: 1142514435836084226
2023/11/24 19:14:42 Text message: adsfads | Nickname: eseky | ID: 733375879480082526 | messageID: 1177658567931732088 | ChannelID: 1142514435836084226
2023/11/24 19:14:43 Text message: dsafasdgfas | Nickname: eseky | ID: 733375879480082526 | messageID: 1177658572448993391 | ChannelID: 1142514435836084226
2023/11/24 19:14:43 Text message: gds | Nickname: eseky | ID: 733375879480082526 | messageID: 1177658573661151342 | ChannelID: 1142514435836084226
2023/11/24 19:14:43 Text message: gadsg | Nickname: eseky | ID: 733375879480082526 | messageID: 1177658574835568680 | ChannelID: 1142514435836084226
2023/11/24 19:14:44 Text message: ads | Nickname: eseky | ID: 733375879480082526 | messageID: 1177658575796060240 | ChannelID: 1142514435836084226
2023/11/24 19:14:44 Text message: gads | Nickname: eseky | ID: 733375879480082526 | messageID: 1177658576995631175 | ChannelID: 1142514435836084226
2023/11/24 19:14:44 Text message: gad | Nickname: eseky | ID: 733375879480082526 | messageID: 1177658577876430869 | ChannelID: 1142514435836084226
2023/11/24 19:14:45 Text message: sg | Nickname: eseky | ID: 733375879480082526 | messageID: 1177658579340230697 | ChannelID: 1142514435836084226
2023/11/24 19:14:45 Text message: ads | Nickname: eseky | ID: 733375879480082526 | messageID: 1177658582200766524 | ChannelID: 1142514435836084226
2023/11/24 19:14:45 Text message: gad | Nickname: eseky | ID: 733375879480082526 | messageID: 1177658583312240741 | ChannelID: 1142514435836084226
2023/11/24 19:14:46 Text message: sg | Nickname: eseky | ID: 733375879480082526 | messageID: 1177658584423747665 | ChannelID: 1142514435836084226
2023/11/24 19:14:46 Text message: adsg | Nickname: eseky | ID: 733375879480082526 | messageID: 1177658585266782220 | ChannelID: 1142514435836084226
2023/11/24 19:14:46 Text message: ds | Nickname: eseky | ID: 733375879480082526 | messageID: 1177658586973880332 | ChannelID: 1142514435836084226
